This is pdfTeX, Version 3.14159265-2.6-1.40.18 (TeX Live 2017/W32TeX) (preloaded format=pdflatex 2018.3.14)  15 MAR 2018 07:59
entering extended mode
 restricted \write18 enabled.
 file:line:error style messages enabled.
 %&-line parsing enabled.
**c:/Users/Claus/Documents/Mercantec/Controller/tutorial/Docs/KeilMCBSTM32CTuto
rial.tex

(c:/Users/Claus/Documents/Mercantec/Controller/tutorial/Docs/KeilMCBSTM32CTutor
ial.tex
LaTeX2e <2017-04-15>
Babel <3.18> and hyphenation patterns for 84 language(s) loaded.
(c:/texlive/2017/texmf-dist/tex/latex/base/article.cls
Document Class: article 2014/09/29 v1.4h Standard LaTeX document class
(c:/texlive/2017/texmf-dist/tex/latex/base/size10.clo
File: size10.clo 2014/09/29 v1.4h Standard LaTeX file (size option)
)
\c@part=\count79
\c@section=\count80
\c@subsection=\count81
\c@subsubsection=\count82
\c@paragraph=\count83
\c@subparagraph=\count84
\c@figure=\count85
\c@table=\count86
\abovecaptionskip=\skip41
\belowcaptionskip=\skip42
\bibindent=\dimen102
)
(c:/texlive/2017/texmf-dist/tex/latex/listings/listings.sty
(c:/texlive/2017/texmf-dist/tex/latex/graphics/keyval.sty
Package: keyval 2014/10/28 v1.15 key=value parser (DPC)
\KV@toks@=\toks14
)
\lst@mode=\count87
\lst@gtempboxa=\box26
\lst@token=\toks15
\lst@length=\count88
\lst@currlwidth=\dimen103
\lst@column=\count89
\lst@pos=\count90
\lst@lostspace=\dimen104
\lst@width=\dimen105
\lst@newlines=\count91
\lst@lineno=\count92
\lst@maxwidth=\dimen106

(c:/texlive/2017/texmf-dist/tex/latex/listings/lstmisc.sty
File: lstmisc.sty 2015/06/04 1.6 (Carsten Heinz)
\c@lstnumber=\count93
\lst@skipnumbers=\count94
\lst@framebox=\box27
)
(c:/texlive/2017/texmf-dist/tex/latex/listings/listings.cfg
File: listings.cfg 2015/06/04 1.6 listings configuration
))
Package: listings 2015/06/04 1.6 (Carsten Heinz)

(c:/texlive/2017/texmf-dist/tex/latex/graphics/color.sty
Package: color 2016/07/10 v1.1e Standard LaTeX Color (DPC)

(c:/texlive/2017/texmf-dist/tex/latex/graphics-cfg/color.cfg
File: color.cfg 2016/01/02 v1.6 sample color configuration
)
Package color Info: Driver file: pdftex.def on input line 147.

(c:/texlive/2017/texmf-dist/tex/latex/graphics-def/pdftex.def
File: pdftex.def 2018/01/08 v1.0l Graphics/color driver for pdftex
))
(c:/texlive/2017/texmf-dist/tex/latex/hyperref/hyperref.sty
Package: hyperref 2018/02/06 v6.86b Hypertext links for LaTeX

(c:/texlive/2017/texmf-dist/tex/generic/oberdiek/hobsub-hyperref.sty
Package: hobsub-hyperref 2016/05/16 v1.14 Bundle oberdiek, subset hyperref (HO)


(c:/texlive/2017/texmf-dist/tex/generic/oberdiek/hobsub-generic.sty
Package: hobsub-generic 2016/05/16 v1.14 Bundle oberdiek, subset generic (HO)
Package: hobsub 2016/05/16 v1.14 Construct package bundles (HO)
Package: infwarerr 2016/05/16 v1.4 Providing info/warning/error messages (HO)
Package: ltxcmds 2016/05/16 v1.23 LaTeX kernel commands for general use (HO)
Package: ifluatex 2016/05/16 v1.4 Provides the ifluatex switch (HO)
Package ifluatex Info: LuaTeX not detected.
Package: ifvtex 2016/05/16 v1.6 Detect VTeX and its facilities (HO)
Package ifvtex Info: VTeX not detected.
Package: intcalc 2016/05/16 v1.2 Expandable calculations with integers (HO)
Package: ifpdf 2017/03/15 v3.2 Provides the ifpdf switch
Package: etexcmds 2016/05/16 v1.6 Avoid name clashes with e-TeX commands (HO)
Package etexcmds Info: Could not find \expanded.
(etexcmds)             That can mean that you are not using pdfTeX 1.50 or
(etexcmds)             that some package has redefined \expanded.
(etexcmds)             In the latter case, load this package earlier.
Package: kvsetkeys 2016/05/16 v1.17 Key value parser (HO)
Package: kvdefinekeys 2016/05/16 v1.4 Define keys (HO)
Package: pdftexcmds 2018/01/21 v0.26 Utility functions of pdfTeX for LuaTeX (HO
)
Package pdftexcmds Info: LuaTeX not detected.
Package pdftexcmds Info: \pdf@primitive is available.
Package pdftexcmds Info: \pdf@ifprimitive is available.
Package pdftexcmds Info: \pdfdraftmode found.
Package: pdfescape 2016/05/16 v1.14 Implements pdfTeX's escape features (HO)
Package: bigintcalc 2016/05/16 v1.4 Expandable calculations on big integers (HO
)
Package: bitset 2016/05/16 v1.2 Handle bit-vector datatype (HO)
Package: uniquecounter 2016/05/16 v1.3 Provide unlimited unique counter (HO)
)
Package hobsub Info: Skipping package `hobsub' (already loaded).
Package: letltxmacro 2016/05/16 v1.5 Let assignment for LaTeX macros (HO)
Package: hopatch 2016/05/16 v1.3 Wrapper for package hooks (HO)
Package: xcolor-patch 2016/05/16 xcolor patch
Package: atveryend 2016/05/16 v1.9 Hooks at the very end of document (HO)
Package atveryend Info: \enddocument detected (standard20110627).
Package: atbegshi 2016/06/09 v1.18 At begin shipout hook (HO)
Package: refcount 2016/05/16 v3.5 Data extraction from label references (HO)
Package: hycolor 2016/05/16 v1.8 Color options for hyperref/bookmark (HO)
)
(c:/texlive/2017/texmf-dist/tex/generic/ifxetex/ifxetex.sty
Package: ifxetex 2010/09/12 v0.6 Provides ifxetex conditional
)
(c:/texlive/2017/texmf-dist/tex/latex/oberdiek/auxhook.sty
Package: auxhook 2016/05/16 v1.4 Hooks for auxiliary files (HO)
)
(c:/texlive/2017/texmf-dist/tex/latex/oberdiek/kvoptions.sty
Package: kvoptions 2016/05/16 v3.12 Key value format for package options (HO)
)
\@linkdim=\dimen107
\Hy@linkcounter=\count95
\Hy@pagecounter=\count96

(c:/texlive/2017/texmf-dist/tex/latex/hyperref/pd1enc.def
File: pd1enc.def 2018/02/06 v6.86b Hyperref: PDFDocEncoding definition (HO)
)
\Hy@SavedSpaceFactor=\count97

(c:/texlive/2017/texmf-dist/tex/latex/latexconfig/hyperref.cfg
File: hyperref.cfg 2002/06/06 v1.2 hyperref configuration of TeXLive
)
Package hyperref Info: Hyper figures OFF on input line 4509.
Package hyperref Info: Link nesting OFF on input line 4514.
Package hyperref Info: Hyper index ON on input line 4517.
Package hyperref Info: Plain pages OFF on input line 4524.
Package hyperref Info: Backreferencing OFF on input line 4529.
Package hyperref Info: Implicit mode ON; LaTeX internals redefined.
Package hyperref Info: Bookmarks ON on input line 4762.
\c@Hy@tempcnt=\count98

(c:/texlive/2017/texmf-dist/tex/latex/url/url.sty
\Urlmuskip=\muskip10
Package: url 2013/09/16  ver 3.4  Verb mode for urls, etc.
)
LaTeX Info: Redefining \url on input line 5115.
\XeTeXLinkMargin=\dimen108
\Fld@menulength=\count99
\Field@Width=\dimen109
\Fld@charsize=\dimen110
Package hyperref Info: Hyper figures OFF on input line 6369.
Package hyperref Info: Link nesting OFF on input line 6374.
Package hyperref Info: Hyper index ON on input line 6377.
Package hyperref Info: backreferencing OFF on input line 6384.
Package hyperref Info: Link coloring OFF on input line 6389.
Package hyperref Info: Link coloring with OCG OFF on input line 6394.
Package hyperref Info: PDF/A mode OFF on input line 6399.
LaTeX Info: Redefining \ref on input line 6439.
LaTeX Info: Redefining \pageref on input line 6443.
\Hy@abspage=\count100
\c@Item=\count101
\c@Hfootnote=\count102
)
Package hyperref Info: Driver (autodetected): hpdftex.

(c:/texlive/2017/texmf-dist/tex/latex/hyperref/hpdftex.def
File: hpdftex.def 2018/02/06 v6.86b Hyperref driver for pdfTeX
\Fld@listcount=\count103
\c@bookmark@seq@number=\count104

(c:/texlive/2017/texmf-dist/tex/latex/oberdiek/rerunfilecheck.sty
Package: rerunfilecheck 2016/05/16 v1.8 Rerun checks for auxiliary files (HO)
Package uniquecounter Info: New unique counter `rerunfilecheck' on input line 2
82.
)
\Hy@SectionHShift=\skip43
)
(c:/texlive/2017/texmf-dist/tex/latex/graphics/graphicx.sty
Package: graphicx 2017/06/01 v1.1a Enhanced LaTeX Graphics (DPC,SPQR)

(c:/texlive/2017/texmf-dist/tex/latex/graphics/graphics.sty
Package: graphics 2017/06/25 v1.2c Standard LaTeX Graphics (DPC,SPQR)

(c:/texlive/2017/texmf-dist/tex/latex/graphics/trig.sty
Package: trig 2016/01/03 v1.10 sin cos tan (DPC)
)
(c:/texlive/2017/texmf-dist/tex/latex/graphics-cfg/graphics.cfg
File: graphics.cfg 2016/06/04 v1.11 sample graphics configuration
)
Package graphics Info: Driver file: pdftex.def on input line 99.
)
\Gin@req@height=\dimen111
\Gin@req@width=\dimen112
)
(c:/texlive/2017/texmf-dist/tex/latex/caption/subcaption.sty
Package: subcaption 2016/05/22 v1.1-161 Sub-captions (AR)

(c:/texlive/2017/texmf-dist/tex/latex/caption/caption.sty
Package: caption 2016/02/21 v3.3-144 Customizing captions (AR)

(c:/texlive/2017/texmf-dist/tex/latex/caption/caption3.sty
Package: caption3 2016/05/22 v1.7-166 caption3 kernel (AR)
Package caption3 Info: TeX engine: e-TeX on input line 67.
\captionmargin=\dimen113
\captionmargin@=\dimen114
\captionwidth=\dimen115
\caption@tempdima=\dimen116
\caption@indent=\dimen117
\caption@parindent=\dimen118
\caption@hangindent=\dimen119
)
\c@ContinuedFloat=\count105
Package caption Info: hyperref package is loaded.
Package caption Info: listings package is loaded.
)
\c@subfigure=\count106
\c@subtable=\count107
)
(c:/texlive/2017/texmf-dist/tex/latex/float/float.sty
Package: float 2001/11/08 v1.3d Float enhancements (AL)
\c@float@type=\count108
\float@exts=\toks16
\float@box=\box28
\@float@everytoks=\toks17
\@floatcapt=\box29
)
(c:/texlive/2017/texmf-dist/tex/latex/listings/lstlang1.sty
File: lstlang1.sty 2015/06/04 1.6 listings language file
)
(c:/texlive/2017/texmf-dist/tex/latex/listings/lstmisc.sty
File: lstmisc.sty 2015/06/04 1.6 (Carsten Heinz)
)
Package hyperref Info: Option `colorlinks' set `true' on input line 34.

(./KeilMCBSTM32CTutorial.aux

LaTeX Warning: Label `fig:SelectDevice' multiply defined.


LaTeX Warning: Label `fig:ResetAndRun' multiply defined.


LaTeX Warning: Label `fig:StartDebugger' multiply defined.

)
\openout1 = `KeilMCBSTM32CTutorial.aux'.

LaTeX Font Info:    Checking defaults for OML/cmm/m/it on input line 42.
LaTeX Font Info:    ... okay on input line 42.
LaTeX Font Info:    Checking defaults for T1/cmr/m/n on input line 42.
LaTeX Font Info:    ... okay on input line 42.
LaTeX Font Info:    Checking defaults for OT1/cmr/m/n on input line 42.
LaTeX Font Info:    ... okay on input line 42.
LaTeX Font Info:    Checking defaults for OMS/cmsy/m/n on input line 42.
LaTeX Font Info:    ... okay on input line 42.
LaTeX Font Info:    Checking defaults for OMX/cmex/m/n on input line 42.
LaTeX Font Info:    ... okay on input line 42.
LaTeX Font Info:    Checking defaults for U/cmr/m/n on input line 42.
LaTeX Font Info:    ... okay on input line 42.
LaTeX Font Info:    Checking defaults for PD1/pdf/m/n on input line 42.
LaTeX Font Info:    ... okay on input line 42.
\c@lstlisting=\count109
 (c:/texlive/2017/texmf-dist/tex/context/base/mkii/supp-pdf.mkii
[Loading MPS to PDF converter (version 2006.09.02).]
\scratchcounter=\count110
\scratchdimen=\dimen120
\scratchbox=\box30
\nofMPsegments=\count111
\nofMParguments=\count112
\everyMPshowfont=\toks18
\MPscratchCnt=\count113
\MPscratchDim=\dimen121
\MPnumerator=\count114
\makeMPintoPDFobject=\count115
\everyMPtoPDFconversion=\toks19
) (c:/texlive/2017/texmf-dist/tex/latex/oberdiek/epstopdf-base.sty
Package: epstopdf-base 2016/05/15 v2.6 Base part for package epstopdf

(c:/texlive/2017/texmf-dist/tex/latex/oberdiek/grfext.sty
Package: grfext 2016/05/16 v1.2 Manage graphics extensions (HO)
)
Package epstopdf-base Info: Redefining graphics rule for `.eps' on input line 4
38.
Package grfext Info: Graphics extension search list:
(grfext)             [.pdf,.png,.jpg,.mps,.jpeg,.jbig2,.jb2,.PDF,.PNG,.JPG,.JPE
G,.JBIG2,.JB2,.eps]
(grfext)             \AppendGraphicsExtensions on input line 456.

(c:/texlive/2017/texmf-dist/tex/latex/latexconfig/epstopdf-sys.cfg
File: epstopdf-sys.cfg 2010/07/13 v1.3 Configuration of (r)epstopdf for TeX Liv
e
))
\AtBeginShipoutBox=\box31
Package hyperref Info: Link coloring ON on input line 42.

(c:/texlive/2017/texmf-dist/tex/latex/hyperref/nameref.sty
Package: nameref 2016/05/21 v2.44 Cross-referencing by name of section

(c:/texlive/2017/texmf-dist/tex/generic/oberdiek/gettitlestring.sty
Package: gettitlestring 2016/05/16 v1.5 Cleanup title references (HO)
)
\c@section@level=\count116
)
LaTeX Info: Redefining \ref on input line 42.
LaTeX Info: Redefining \pageref on input line 42.
LaTeX Info: Redefining \nameref on input line 42.

(./KeilMCBSTM32CTutorial.out) (./KeilMCBSTM32CTutorial.out)
\@outlinefile=\write3
\openout3 = `KeilMCBSTM32CTutorial.out'.

Package caption Info: Begin \AtBeginDocument code.
Package caption Info: float package is loaded.
Package caption Info: End \AtBeginDocument code.
LaTeX Font Info:    External font `cmex10' loaded for size
(Font)              <12> on input line 46.
LaTeX Font Info:    External font `cmex10' loaded for size
(Font)              <8> on input line 46.
LaTeX Font Info:    External font `cmex10' loaded for size
(Font)              <6> on input line 46.
 [1

{c:/texlive/2017/texmf-var/fonts/map/pdftex/updmap/pdftex.map}]
<pics/NewProject.png, id=34, 252.945pt x 81.906pt>
File: pics/NewProject.png Graphic file (type png)
<use pics/NewProject.png>
Package pdftex.def Info: pics/NewProject.png  used on input line 60.
(pdftex.def)             Requested size: 276.00105pt x 89.37325pt.
<pics/SelectDevice.png, id=36, 470.9595pt x 355.92975pt>
File: pics/SelectDevice.png Graphic file (type png)
<use pics/SelectDevice.png>
Package pdftex.def Info: pics/SelectDevice.png  used on input line 69.
(pdftex.def)             Requested size: 276.00105pt x 208.59552pt.
 [1 <./pics/NewProject.png> <./pics/SelectDevice.png>]
<pics/MRTSetVariant.png, id=48, 622.12425pt x 191.5155pt>
File: pics/MRTSetVariant.png Graphic file (type png)
<use pics/MRTSetVariant.png>
Package pdftex.def Info: pics/MRTSetVariant.png  used on input line 81.
(pdftex.def)             Requested size: 276.00105pt x 84.96841pt.
LaTeX Font Info:    External font `cmex10' loaded for size
(Font)              <7> on input line 86.
LaTeX Font Info:    External font `cmex10' loaded for size
(Font)              <5> on input line 86.
<pics/BasicRuntimeSelection.png, id=49, 652.839pt x 302.93175pt>
File: pics/BasicRuntimeSelection.png Graphic file (type png)
<use pics/BasicRuntimeSelection.png>
Package pdftex.def Info: pics/BasicRuntimeSelection.png  used on input line 89.

(pdftex.def)             Requested size: 276.00105pt x 128.07173pt.
<pics/AddNewFile.png, id=50, 330.63525pt x 222.8325pt>
File: pics/AddNewFile.png Graphic file (type png)
<use pics/AddNewFile.png>
Package pdftex.def Info: pics/AddNewFile.png  used on input line 100.
(pdftex.def)             Requested size: 155.24895pt x 104.63268pt.
<pics/AddNewFileDialog.png, id=51, 512.51476pt x 326.4195pt>
File: pics/AddNewFileDialog.png Graphic file (type png)
<use pics/AddNewFileDialog.png>
Package pdftex.def Info: pics/AddNewFileDialog.png  used on input line 104.
(pdftex.def)             Requested size: 155.24895pt x 98.87791pt.
 [2 <./pics/MRTSetVariant.png> <./pics/BasicRuntimeSelection.png> <./pics/AddNe
wFile.png> <./pics/AddNewFileDialog.png>]
<pics/ProjectStructure1.png, id=65, 216.81pt x 90.3375pt>
File: pics/ProjectStructure1.png Graphic file (type png)
<use pics/ProjectStructure1.png>
Package pdftex.def Info: pics/ProjectStructure1.png  used on input line 115.
(pdftex.def)             Requested size: 172.5pt x 71.8786pt.
<pics/tutorial_c_basic.png, id=66, 287.27325pt x 101.78024pt>
File: pics/tutorial_c_basic.png Graphic file (type png)
<use pics/tutorial_c_basic.png>
Package pdftex.def Info: pics/tutorial_c_basic.png  used on input line 124.
(pdftex.def)             Requested size: 155.24895pt x 55.00552pt.
<pics/BasicCompile.png, id=67, 455.90324pt x 124.66576pt>
File: pics/BasicCompile.png Graphic file (type png)
<use pics/BasicCompile.png>
Package pdftex.def Info: pics/BasicCompile.png  used on input line 128.
(pdftex.def)             Requested size: 155.24895pt x 42.45236pt.
<pics/TargetOptions.png, id=68, 166.82326pt x 25.89674pt>
File: pics/TargetOptions.png Graphic file (type png)
<use pics/TargetOptions.png>
Package pdftex.def Info: pics/TargetOptions.png  used on input line 137.
(pdftex.def)             Requested size: 172.5pt x 26.77943pt.
<pics/ResetAndRun.png, id=69, 232.4685pt x 119.2455pt>
File: pics/ResetAndRun.png Graphic file (type png)
<use pics/ResetAndRun.png>
Package pdftex.def Info: pics/ResetAndRun.png  used on input line 145.
(pdftex.def)             Requested size: 172.5pt x 88.48955pt.
<pics/load.png, id=70, 171.039pt x 37.94176pt>
File: pics/load.png Graphic file (type png)
<use pics/load.png>
Package pdftex.def Info: pics/load.png  used on input line 154.
(pdftex.def)             Requested size: 103.50105pt x 22.96031pt.
<pics/loadOk.png, id=71, 599.841pt x 111.41624pt>
File: pics/loadOk.png Graphic file (type png)
<use pics/loadOk.png>
Package pdftex.def Info: pics/loadOk.png  used on input line 158.
(pdftex.def)             Requested size: 207.0021pt x 38.44884pt.
 [3 <./pics/ProjectStructure1.png> <./pics/tutorial_c_basic.png> <./pics/BasicC
ompile.png> <./pics/TargetOptions.png> <./pics/ResetAndRun.png> <./pics/load.pn
g> <./pics/loadOk.png>] [4]
<pics/Xtal.png, id=92, 287.27325pt x 154.176pt>
File: pics/Xtal.png Graphic file (type png)
<use pics/Xtal.png>
Package pdftex.def Info: pics/Xtal.png  used on input line 175.
(pdftex.def)             Requested size: 155.24895pt x 83.322pt.
<pics/DebugCoreClock.png, id=93, 175.857pt x 111.41624pt>
File: pics/DebugCoreClock.png Graphic file (type png)
<use pics/DebugCoreClock.png>
Package pdftex.def Info: pics/DebugCoreClock.png  used on input line 179.
(pdftex.def)             Requested size: 155.24895pt x 98.36621pt.
<pics/RuntimeDebug.png, id=94, 738.96075pt x 302.3295pt>
File: pics/RuntimeDebug.png Graphic file (type png)
<use pics/RuntimeDebug.png>
Package pdftex.def Info: pics/RuntimeDebug.png  used on input line 189.
(pdftex.def)             Requested size: 276.00105pt x 112.92119pt.
 [5 <./pics/Xtal.png> <./pics/DebugCoreClock.png> <./pics/RuntimeDebug.png>]
<pics/TraceSetup.png, id=104, 465.53925pt x 298.11375pt>
File: pics/TraceSetup.png Graphic file (type png)
<use pics/TraceSetup.png>
Package pdftex.def Info: pics/TraceSetup.png  used on input line 200.
(pdftex.def)             Requested size: 276.00105pt x 176.74077pt.
<pics/ThreadStackSize.png, id=105, 409.53pt x 231.86626pt>
File: pics/ThreadStackSize.png Graphic file (type png)
<use pics/ThreadStackSize.png>
Package pdftex.def Info: pics/ThreadStackSize.png  used on input line 210.
(pdftex.def)             Requested size: 276.00105pt x 156.27298pt.
 [6 <./pics/TraceSetup.png> <./pics/ThreadStackSize.png>]
<pics/PrintfMain.png, id=115, 286.671pt x 162.6075pt>
File: pics/PrintfMain.png Graphic file (type png)
<use pics/PrintfMain.png>
Package pdftex.def Info: pics/PrintfMain.png  used on input line 222.
(pdftex.def)             Requested size: 276.00105pt x 156.56044pt.
<pics/StartDebugger.png, id=116, 193.9245pt x 34.32825pt>
File: pics/StartDebugger.png Graphic file (type png)
<use pics/StartDebugger.png>
Package pdftex.def Info: pics/StartDebugger.png  used on input line 230.
(pdftex.def)             Requested size: 172.5pt x 30.53578pt.
 [7 <./pics/PrintfMain.png> <./pics/StartDebugger.png>]
<pics/DebugWindow.png, id=125, 336.0555pt x 430.60875pt>
File: pics/DebugWindow.png Graphic file (type png)
<use pics/DebugWindow.png>
Package pdftex.def Info: pics/DebugWindow.png  used on input line 240.
(pdftex.def)             Requested size: 276.00105pt x 353.67966pt.
<pics/RunDebugSession.png, id=126, 200.54926pt x 30.71475pt>
File: pics/RunDebugSession.png Graphic file (type png)
<use pics/RunDebugSession.png>
Package pdftex.def Info: pics/RunDebugSession.png  used on input line 248.
(pdftex.def)             Requested size: 172.5pt x 26.41884pt.
 [8 <./pics/DebugWindow.png> <./pics/RunDebugSession.png>]
<pics/DebugOutput.png, id=135, 208.3785pt x 106.59825pt>
File: pics/DebugOutput.png Graphic file (type png)
<use pics/DebugOutput.png>
Package pdftex.def Info: pics/DebugOutput.png  used on input line 258.
(pdftex.def)             Requested size: 172.5pt x 88.24391pt.
Package atveryend Info: Empty hook `BeforeClearDocument' on input line 288.
 [9 <./pics/DebugOutput.png>]
Package atveryend Info: Empty hook `AfterLastShipout' on input line 288.
 (./KeilMCBSTM32CTutorial.aux)
Package atveryend Info: Executing hook `AtVeryEndDocument' on input line 288.
Package atveryend Info: Executing hook `AtEndAfterFileList' on input line 288.
Package rerunfilecheck Info: File `KeilMCBSTM32CTutorial.out' has not changed.
(rerunfilecheck)             Checksum: 1DE43CD69C4B1E575CA44AC02C61B9C1;243.


LaTeX Warning: There were multiply-defined labels.

Package atveryend Info: Empty hook `AtVeryVeryEnd' on input line 288.
 ) 
Here is how much of TeX's memory you used:
 7598 strings out of 492982
 117689 string characters out of 6136225
 224641 words of memory out of 5000000
 11059 multiletter control sequences out of 15000+600000
 7925 words of font info for 28 fonts, out of 8000000 for 9000
 1141 hyphenation exceptions out of 8191
 42i,9n,49p,343b,468s stack positions out of 5000i,500n,10000p,200000b,80000s
<c:/texlive/2017/texmf-dist/fonts/type1/public/amsfonts/cm/cmbx12.pfb><c:/tex
live/2017/texmf-dist/fonts/type1/public/amsfonts/cm/cmr10.pfb><c:/texlive/2017/
texmf-dist/fonts/type1/public/amsfonts/cm/cmr12.pfb><c:/texlive/2017/texmf-dist
/fonts/type1/public/amsfonts/cm/cmr17.pfb><c:/texlive/2017/texmf-dist/fonts/typ
e1/public/amsfonts/cm/cmr9.pfb><c:/texlive/2017/texmf-dist/fonts/type1/public/a
msfonts/cm/cmsy10.pfb><c:/texlive/2017/texmf-dist/fonts/type1/public/amsfonts/c
m/cmti10.pfb>
Output written on KeilMCBSTM32CTutorial.pdf (10 pages, 1280861 bytes).
PDF statistics:
 176 PDF objects out of 1000 (max. 8388607)
 109 compressed objects within 2 object streams
 35 named destinations out of 1000 (max. 500000)
 156 words of extra memory for PDF output out of 10000 (max. 10000000)

